[2025-05-29 18:21:02] ENV File Missing
[2025-05-29 18:21:02] ENV File Missing
[2025-05-29 19:55:05] ERROR [2]: Undefined array key "type_key" in E:\InstalledSoftwares\xampp\htdocs\dgt-ac\public\settings\static-types.php on line 65
[2025-05-29 20:04:01] ERROR [2]: Trying to access array offset on value of type null in E:\InstalledSoftwares\xampp\htdocs\dgt-ac\public\settings\static-types.php on line 49
[2025-05-29 20:04:49] ERROR [2]: Trying to access array offset on value of type null in E:\InstalledSoftwares\xampp\htdocs\dgt-ac\public\settings\static-types.php on line 49
[2025-05-29 21:05:35] ERROR [2]: Trying to access array offset on value of type null in E:\InstalledSoftwares\xampp\htdocs\dgt-ac\public\settings\static-types.php on line 49
[2025-05-29 21:06:01] ERROR [2]: Trying to access array offset on value of type null in E:\InstalledSoftwares\xampp\htdocs\dgt-ac\public\settings\static-types.php on line 49
[2025-05-29 21:07:49] ERROR [2]: Trying to access array offset on value of type null in E:\InstalledSoftwares\xampp\htdocs\dgt-ac\public\settings\static-types.php on line 49
[2025-05-29 21:07:51] ERROR [2]: Trying to access array offset on value of type null in E:\InstalledSoftwares\xampp\htdocs\dgt-ac\public\settings\static-types.php on line 49
[2025-05-30 05:28:40] UNCAUGHT EXCEPTION: syntax error, unexpected token ";"
[2025-05-30 05:29:14] UNCAUGHT EXCEPTION: syntax error, unexpected token ";"
[2025-05-30 05:29:36] ERROR [2]: Undefined variable $return_url in E:\InstalledSoftwares\xampp\htdocs\dgt-ac\public\auth\login-action.php on line 34
[2025-05-30 05:30:54] ERROR [2]: Undefined array key "return_url" in E:\InstalledSoftwares\xampp\htdocs\dgt-ac\public\auth\login-action.php on line 4
[2025-05-30 05:52:36] UNCAUGHT EXCEPTION: DB::con(): Return value must be of type DB, null returned
[2025-05-30 06:04:05] ERROR [2]: Undefined variable $user in E:\InstalledSoftwares\xampp\htdocs\dgt-ac\public\entries\users\index.php on line 62
[2025-05-30 06:04:16] ERROR [2]: Undefined variable $user in E:\InstalledSoftwares\xampp\htdocs\dgt-ac\public\entries\users\index.php on line 62
[2025-05-30 06:17:36] TESTing
[2025-05-30 06:17:37] TESTing
[2025-05-30 06:18:51] TESTing
[2025-05-30 06:18:51] TESTing
[2025-05-30 07:38:52] ERROR [2]: Undefined variable $currentColorScheme in E:\InstalledSoftwares\xampp\htdocs\dgt-ac\public\settings\theme\index.php on line 33
[2025-05-30 07:39:03] ERROR [2]: Undefined variable $currentColorScheme in E:\InstalledSoftwares\xampp\htdocs\dgt-ac\public\settings\theme\index.php on line 33
[2025-05-30 08:20:47] UNCAUGHT EXCEPTION: array_pop(): Argument #1 ($array) cannot be passed by reference
[2025-05-30 08:41:24] ERROR [2]: Undefined variable $type in E:\InstalledSoftwares\xampp\htdocs\dgt-ac\public\entries\users\index.php on line 66
[2025-05-30 08:42:28] ERROR [2]: Undefined array key "value1" in E:\InstalledSoftwares\xampp\htdocs\dgt-ac\public\entries\users\index.php on line 68
[2025-05-30 09:26:19] UNCAUGHT EXCEPTION: SQLSTATE[42000]: Syntax error or access violation: 1064 You have an error in your SQL syntax; check the manual that corresponds to your MariaDB server version for the right syntax to use near ')' at line 1 in E:\InstalledSoftwares\xampp\htdocs\includes\classes.php on line 193
[2025-05-30 09:27:15] UNCAUGHT EXCEPTION: SQLSTATE[42000]: Syntax error or access violation: 1064 You have an error in your SQL syntax; check the manual that corresponds to your MariaDB server version for the right syntax to use near ')' at line 1 in E:\InstalledSoftwares\xampp\htdocs\includes\classes.php on line 193
[2025-05-30 09:28:29] UNCAUGHT EXCEPTION: SQLSTATE[42000]: Syntax error or access violation: 1064 You have an error in your SQL syntax; check the manual that corresponds to your MariaDB server version for the right syntax to use near ')' at line 1 in E:\InstalledSoftwares\xampp\htdocs\includes\classes.php on line 193
[2025-05-30 09:28:49] UNCAUGHT EXCEPTION: SQLSTATE[42000]: Syntax error or access violation: 1064 You have an error in your SQL syntax; check the manual that corresponds to your MariaDB server version for the right syntax to use near ')' at line 1 in E:\InstalledSoftwares\xampp\htdocs\includes\classes.php on line 193
[2025-05-30 09:30:00] UNCAUGHT EXCEPTION: SQLSTATE[42000]: Syntax error or access violation: 1064 You have an error in your SQL syntax; check the manual that corresponds to your MariaDB server version for the right syntax to use near ')' at line 1 in E:\InstalledSoftwares\xampp\htdocs\dgt-ac\includes\classes.php on line 193
[2025-05-30 09:32:41] UNCAUGHT EXCEPTION: Call to undefined method DB::query() in E:\InstalledSoftwares\xampp\htdocs\dgt-ac\includes\functions.php on line 142
[2025-05-30 09:33:08] UNCAUGHT EXCEPTION: SQLSTATE[42000]: Syntax error or access violation: 1064 You have an error in your SQL syntax; check the manual that corresponds to your MariaDB server version for the right syntax to use near ')' at line 1 in E:\InstalledSoftwares\xampp\htdocs\dgt-ac\includes\classes.php on line 193
[2025-05-30 19:15:58] ERROR [2]: Undefined variable $PGNTD in E:\InstalledSoftwares\xampp\htdocs\public\entries\users\index.php on line 26
[2025-05-30 19:18:02] UNCAUGHT EXCEPTION: SQLSTATE[42000]: Syntax error or access violation: 1064 You have an error in your SQL syntax; check the manual that corresponds to your MariaDB server version for the right syntax to use near '25' at line 1 in E:\InstalledSoftwares\xampp\htdocs\includes\classes.php on line 193
[2025-05-30 19:18:22] ERROR [2]: Undefined variable $PGNTD in E:\InstalledSoftwares\xampp\htdocs\public\entries\users\index.php on line 27
[2025-05-30 19:50:57] ERROR [2]: Undefined array key "subpage" in E:\InstalledSoftwares\xampp\htdocs\includes\classes.php on line 465
[2025-05-30 20:02:46] UNCAUGHT EXCEPTION: SQLSTATE[23000]: Integrity constraint violation: 1062 Duplicate entry 'Purchases' for key 'label' in E:\InstalledSoftwares\xampp\htdocs\includes\classes.php on line 136
[2025-05-30 20:20:10] UNCAUGHT EXCEPTION: Call to undefined method App::parentPath() in E:\InstalledSoftwares\xampp\htdocs\includes\functions.php on line 94
[2025-05-31 03:48:03] UNCAUGHT EXCEPTION: Cannot access offset of type string on string in E:\InstalledSoftwares\xampp\htdocs\public\settings\theme\action.php on line 6
[2025-05-31 03:48:23] UNCAUGHT EXCEPTION: Cannot access offset of type string on string in E:\InstalledSoftwares\xampp\htdocs\public\settings\theme\action.php on line 6
[2025-05-31 04:27:09] ERROR [2]: Undefined array key "role" in E:\InstalledSoftwares\xampp\htdocs\includes\classes.php on line 564
[2025-05-31 04:28:20] ERROR [2]: Undefined array key "role" in E:\InstalledSoftwares\xampp\htdocs\includes\classes.php on line 557
[2025-05-31 04:29:04] ERROR [2]: Undefined array key "role" in E:\InstalledSoftwares\xampp\htdocs\includes\classes.php on line 558
[2025-05-31 04:29:36] ERROR [2]: Undefined array key "role" in E:\InstalledSoftwares\xampp\htdocs\includes\classes.php on line 558
[2025-05-31 04:42:38] UNCAUGHT EXCEPTION: SQLSTATE[42000]: Syntax error or access violation: 1064 You have an error in your SQL syntax; check the manual that corresponds to your MariaDB server version for the right syntax to use near '2, 25' at line 1 in E:\InstalledSoftwares\xampp\htdocs\includes\classes.php on line 202
[2025-05-31 05:23:20] ERROR [2]: Undefined variable $PGNTD in E:\InstalledSoftwares\xampp\htdocs\public\entries\users\index.php on line 54
[2025-05-31 05:24:19] UNCAUGHT EXCEPTION: Unsupported operand types: string + int in E:\InstalledSoftwares\xampp\htdocs\public\entries\users\index.php on line 37
[2025-05-31 05:24:43] ERROR [2]: Undefined array key "created_at" in E:\InstalledSoftwares\xampp\htdocs\public\entries\users\index.php on line 38
[2025-05-31 05:25:08] ERROR [2]: Undefined array key "created_at" in E:\InstalledSoftwares\xampp\htdocs\public\entries\users\index.php on line 39
[2025-05-31 05:35:22] ERROR [2]: Undefined array key "page" in E:\InstalledSoftwares\xampp\htdocs\public\entries\users\index.php on line 113
[2025-05-31 05:52:11] ERROR [2]: Undefined array key "page" in E:\InstalledSoftwares\xampp\htdocs\public\entries\users\index.php on line 167
[2025-05-31 17:43:22] ERROR [2]: Undefined array key 0 in E:\InstalledSoftwares\xampp\htdocs\public\entries\users\index.php on line 242
[2025-05-31 17:43:37] ERROR [2]: Undefined array key 0 in E:\InstalledSoftwares\xampp\htdocs\public\entries\users\index.php on line 242
[2025-05-31 18:57:53] UNCAUGHT EXCEPTION: You have an error in your SQL syntax; check the manual that corresponds to your MariaDB server version for the right syntax to use near '(SELECT * FROM users ORDER BY created_at DESC) LIMIT 0, 11' at line 1 in E:\InstalledSoftwares\xampp\htdocs\includes\classes.php on line 308
[2025-05-31 18:59:22] ERROR [2]: Undefined variable $PGNTD in E:\InstalledSoftwares\xampp\htdocs\public\entries\users\index.php on line 23
[2025-05-31 19:01:23] UNCAUGHT EXCEPTION: You have an error in your SQL syntax; check the manual that corresponds to your MariaDB server version for the right syntax to use near 'ORDER BY created_at DESC) AS subquery' at line 1 in E:\InstalledSoftwares\xampp\htdocs\includes\classes.php on line 308
[2025-05-31 19:05:04] UNCAUGHT EXCEPTION: You have an error in your SQL syntax; check the manual that corresponds to your MariaDB server version for the right syntax to use near 'ORDER BY created_at DESC) AS subquery' at line 1 in E:\InstalledSoftwares\xampp\htdocs\includes\classes.php on line 308
[2025-05-31 19:11:24] ERROR [2]: Undefined variable $toggleURL in E:\InstalledSoftwares\xampp\htdocs\public\entries\users\index.php on line 160
[2025-05-31 19:16:04] ERROR [2]: Undefined variable $type in E:\InstalledSoftwares\xampp\htdocs\public\entries\users\index.php on line 253
[2025-05-31 19:16:16] ERROR [2]: Undefined array key "value1" in E:\InstalledSoftwares\xampp\htdocs\public\entries\users\index.php on line 254
[2025-05-31 19:16:29] UNCAUGHT EXCEPTION: You have an error in your SQL syntax; check the manual that corresponds to your MariaDB server version for the right syntax to use near 'ORDER BY created_at DESC) AS subquery' at line 1 in E:\InstalledSoftwares\xampp\htdocs\includes\classes.php on line 308
[2025-05-31 19:30:32] UNCAUGHT EXCEPTION: You have an error in your SQL syntax; check the manual that corresponds to your MariaDB server version for the right syntax to use near '='sdsd' ORDER BY created_at DESC) AS subquery' at line 1 in E:\InstalledSoftwares\xampp\htdocs\includes\classes.php on line 308
[2025-05-31 19:34:35] UNCAUGHT EXCEPTION: SQLSTATE[42S02]: Base table or view not found: 1146 Table 'dgt.static_type' doesn't exist in E:\InstalledSoftwares\xampp\htdocs\includes\classes.php on line 202
[2025-05-31 19:35:02] UNCAUGHT EXCEPTION: You have an error in your SQL syntax; check the manual that corresponds to your MariaDB server version for the right syntax to use near '='admin'name='Country'role='' ORDER BY created_at DESC) AS subquery' at line 1 in E:\InstalledSoftwares\xampp\htdocs\includes\classes.php on line 308
[2025-05-31 19:41:28] UNCAUGHT EXCEPTION: You have an error in your SQL syntax; check the manual that corresponds to your MariaDB server version for the right syntax to use near 'ORDER BY created_at DESC) AS subquery' at line 1 in E:\InstalledSoftwares\xampp\htdocs\includes\classes.php on line 308
[2025-05-31 19:42:07] UNCAUGHT EXCEPTION: You have an error in your SQL syntax; check the manual that corresponds to your MariaDB server version for the right syntax to use near 'ORDER BY created_at DESC) AS subquery' at line 1 in E:\InstalledSoftwares\xampp\htdocs\includes\classes.php on line 308
[2025-05-31 19:42:13] UNCAUGHT EXCEPTION: You have an error in your SQL syntax; check the manual that corresponds to your MariaDB server version for the right syntax to use near 'ORDER BY created_at DESC) AS subquery' at line 1 in E:\InstalledSoftwares\xampp\htdocs\includes\classes.php on line 308
[2025-05-31 19:43:36] UNCAUGHT EXCEPTION: You have an error in your SQL syntax; check the manual that corresponds to your MariaDB server version for the right syntax to use near 'ORDER BY created_at DESC) AS subquery' at line 1 in E:\InstalledSoftwares\xampp\htdocs\includes\classes.php on line 308
[2025-05-31 19:43:47] UNCAUGHT EXCEPTION: You have an error in your SQL syntax; check the manual that corresponds to your MariaDB server version for the right syntax to use near 'ORDER BY created_at DESC) AS subquery' at line 1 in E:\InstalledSoftwares\xampp\htdocs\includes\classes.php on line 308
[2025-05-31 19:46:55] UNCAUGHT EXCEPTION: You have an error in your SQL syntax; check the manual that corresponds to your MariaDB server version for the right syntax to use near 'ORDER BY created_at DESC) AS subquery' at line 1 in E:\InstalledSoftwares\xampp\htdocs\includes\classes.php on line 308
[2025-05-31 19:49:44] UNCAUGHT EXCEPTION: You have an error in your SQL syntax; check the manual that corresponds to your MariaDB server version for the right syntax to use near 'ORDER BY created_at DESC) AS subquery' at line 1 in E:\InstalledSoftwares\xampp\htdocs\includes\classes.php on line 308
[2025-05-31 19:50:09] UNCAUGHT EXCEPTION: You have an error in your SQL syntax; check the manual that corresponds to your MariaDB server version for the right syntax to use near 'ORDER BY created_at DESC) AS subquery' at line 1 in E:\InstalledSoftwares\xampp\htdocs\includes\classes.php on line 308
[2025-05-31 19:50:53] UNCAUGHT EXCEPTION: You have an error in your SQL syntax; check the manual that corresponds to your MariaDB server version for the right syntax to use near 'ORDER BY created_at DESC) AS subquery' at line 1 in E:\InstalledSoftwares\xampp\htdocs\includes\classes.php on line 308
[2025-05-31 19:53:50] UNCAUGHT EXCEPTION: You have an error in your SQL syntax; check the manual that corresponds to your MariaDB server version for the right syntax to use near ') AS subquery' at line 1 in E:\InstalledSoftwares\xampp\htdocs\includes\classes.php on line 308
[2025-05-31 19:54:12] UNCAUGHT EXCEPTION: You have an error in your SQL syntax; check the manual that corresponds to your MariaDB server version for the right syntax to use near ') AS subquery' at line 1 in E:\InstalledSoftwares\xampp\htdocs\includes\classes.php on line 309
[2025-05-31 20:02:10] UNCAUGHT EXCEPTION: Unmatched '}' in E:\InstalledSoftwares\xampp\htdocs\public\entries\users\index.php on line 281
[2025-05-31 20:20:25] UNCAUGHT EXCEPTION: Unmatched '}' in E:\InstalledSoftwares\xampp\htdocs\public\entries\users\index.php on line 305
[2025-05-31 20:53:35] UNCAUGHT EXCEPTION: SQLSTATE[42000]: Syntax error or access violation: 1064 You have an error in your SQL syntax; check the manual that corresponds to your MariaDB server version for the right syntax to use near 'SELECT slug FROM navbar' at line 1 in E:\InstalledSoftwares\xampp\htdocs\includes\classes.php on line 202
[2025-05-31 22:03:15] ERROR [2]: Undefined variable $page_title in E:\InstalledSoftwares\xampp\htdocs\public\entries\users\manage.php on line 3
[2025-05-31 22:03:36] ERROR [2]: Undefined variable $back_page_url in E:\InstalledSoftwares\xampp\htdocs\public\entries\users\manage.php on line 5
[2025-05-31 22:04:03] ERROR [2]: Undefined variable $img_path in E:\InstalledSoftwares\xampp\htdocs\public\entries\users\manage.php on line 18
[2025-05-31 22:04:15] ERROR [2]: Undefined variable $id in E:\InstalledSoftwares\xampp\htdocs\public\entries\users\manage.php on line 21
[2025-05-31 22:04:24] UNCAUGHT EXCEPTION: syntax error, unexpected token ";" in E:\InstalledSoftwares\xampp\htdocs\public\entries\users\manage.php on line 21
[2025-05-31 22:04:33] ERROR [2]: Undefined variable $id in E:\InstalledSoftwares\xampp\htdocs\public\entries\users\manage.php on line 24
[2025-05-31 22:04:54] ERROR [2]: Undefined variable $type in E:\InstalledSoftwares\xampp\htdocs\public\entries\users\manage.php on line 42
[2025-05-31 22:07:41] UNCAUGHT EXCEPTION: Call to undefined function fetch() in E:\InstalledSoftwares\xampp\htdocs\public\entries\users\manage.php on line 61
[2025-06-01 11:28:12] UNCAUGHT EXCEPTION: Call to undefined function fetch() in E:\InstalledSoftwares\xampp\htdocs\public\entries\users\manage.php on line 61
[2025-06-01 11:35:04] ERROR [2]: Undefined variable $page_title in E:\InstalledSoftwares\xampp\htdocs\public\entries\users\manage.php on line 4
[2025-06-01 14:34:38] ERROR [2]: Undefined array key "role" in E:\InstalledSoftwares\xampp\htdocs\public\entries\users\manage.php on line 34
[2025-06-01 14:34:56] ERROR [2]: Undefined array key "role" in E:\InstalledSoftwares\xampp\htdocs\public\entries\users\manage.php on line 34
[2025-06-01 14:40:57] ERROR [2]: Undefined array key "image" in E:\InstalledSoftwares\xampp\htdocs\public\entries\users\manage.php on line 15
[2025-06-01 14:40:58] ERROR [2]: Undefined array key "image" in E:\InstalledSoftwares\xampp\htdocs\public\entries\users\manage.php on line 15
[2025-06-01 14:41:30] UNCAUGHT EXCEPTION: SQLSTATE[42S02]: Base table or view not found: 1146 Table 'dgt.branches' doesn't exist in E:\InstalledSoftwares\xampp\htdocs\includes\classes.php on line 202
[2025-06-01 14:41:34] UNCAUGHT EXCEPTION: SQLSTATE[42S02]: Base table or view not found: 1146 Table 'dgt.branches' doesn't exist in E:\InstalledSoftwares\xampp\htdocs\includes\classes.php on line 202
[2025-06-01 14:43:27] ERROR [2]: Undefined array key "name" in E:\InstalledSoftwares\xampp\htdocs\public\entries\users\manage.php on line 59
[2025-06-01 14:43:30] ERROR [2]: Undefined array key "name" in E:\InstalledSoftwares\xampp\htdocs\public\entries\users\manage.php on line 59
[2025-06-01 14:48:38] UNCAUGHT EXCEPTION: syntax error, unexpected identifier "imagePreview", expecting "]" in E:\InstalledSoftwares\xampp\htdocs\public\entries\users\manage.php on line 156
[2025-06-01 15:47:45] UNCAUGHT EXCEPTION: Call to undefined function request() in E:\InstalledSoftwares\xampp\htdocs\public\entries\users\manage.php on line 8
[2025-06-01 15:47:45] UNCAUGHT EXCEPTION: Call to undefined function request() in E:\InstalledSoftwares\xampp\htdocs\public\entries\users\manage.php on line 8
[2025-06-01 15:47:51] UNCAUGHT EXCEPTION: Call to undefined function request() in E:\InstalledSoftwares\xampp\htdocs\public\entries\users\manage.php on line 8
[2025-06-01 16:35:49] UNCAUGHT EXCEPTION: in_array(): Argument #2 ($haystack) must be of type array, string given in E:\InstalledSoftwares\xampp\htdocs\public\entries\users\manage.php on line 59
[2025-06-01 16:36:34] UNCAUGHT EXCEPTION: in_array(): Argument #2 ($haystack) must be of type array, string given in E:\InstalledSoftwares\xampp\htdocs\public\entries\users\manage.php on line 62
[2025-06-01 16:37:31] UNCAUGHT EXCEPTION: in_array(): Argument #2 ($haystack) must be of type array, string given in E:\InstalledSoftwares\xampp\htdocs\public\entries\users\manage.php on line 62
[2025-06-01 16:39:19] UNCAUGHT EXCEPTION: in_array(): Argument #2 ($haystack) must be of type array, string given in E:\InstalledSoftwares\xampp\htdocs\public\entries\users\manage.php on line 61
[2025-06-01 17:31:59] ERROR [2]: Undefined variable $update in E:\InstalledSoftwares\xampp\htdocs\public\entries\users\action.php on line 33
[2025-06-01 17:41:30] UNCAUGHT EXCEPTION: count(): Argument #1 ($value) must be of type Countable|array, string given in E:\InstalledSoftwares\xampp\htdocs\includes\classes.php on line 491
[2025-06-01 17:42:41] ERROR [2]: Array to string conversion in E:\InstalledSoftwares\xampp\htdocs\includes\classes.php on line 157
[2025-06-01 17:44:41] ERROR [2]: Array to string conversion in E:\InstalledSoftwares\xampp\htdocs\includes\classes.php on line 157
[2025-06-01 17:46:09] ERROR [2]: Array to string conversion in E:\InstalledSoftwares\xampp\htdocs\includes\classes.php on line 157
[2025-06-01 17:53:19] ERROR [2]: Undefined array key 0 in E:\InstalledSoftwares\xampp\htdocs\public\entries\users\action.php on line 33
[2025-06-01 17:53:48] ERROR [2]: Undefined array key 0 in E:\InstalledSoftwares\xampp\htdocs\public\entries\users\action.php on line 33
[2025-06-01 17:56:19] ERROR [2]: Undefined variable $routes in E:\InstalledSoftwares\xampp\htdocs\public\entries\users\manage.php on line 72
[2025-06-01 18:31:07] ERROR [2]: Array to string conversion in E:\InstalledSoftwares\xampp\htdocs\includes\classes.php on line 157
[2025-06-01 18:32:34] ERROR [2]: Undefined variable $result in E:\InstalledSoftwares\xampp\htdocs\public\entries\users\action.php on line 74
[2025-06-01 18:32:55] ERROR [2]: Undefined variable $result in E:\InstalledSoftwares\xampp\htdocs\public\entries\users\action.php on line 75
[2025-06-01 18:34:00] ERROR [2]: Array to string conversion in E:\InstalledSoftwares\xampp\htdocs\includes\classes.php on line 157
[2025-06-01 18:34:21] ERROR [2]: Array to string conversion in E:\InstalledSoftwares\xampp\htdocs\includes\classes.php on line 157
[2025-06-01 19:00:50] ERROR [2]: Array to string conversion in E:\InstalledSoftwares\xampp\htdocs\includes\classes.php on line 157
[2025-06-01 19:09:10] UNCAUGHT EXCEPTION: SQLSTATE[23000]: Integrity constraint violation: 1062 Duplicate entry 'admin' for key 'username' in E:\InstalledSoftwares\xampp\htdocs\includes\classes.php on line 139
[2025-06-01 19:28:42] ERROR [2]: Array to string conversion in E:\InstalledSoftwares\xampp\htdocs\includes\classes.php on line 157
[2025-06-02 07:36:17] ERROR [2]: Trying to access array offset on value of type null in E:\InstalledSoftwares\xampp\htdocs\public\entries\users\view.php on line 62
[2025-06-02 07:36:32] ERROR [2]: Trying to access array offset on value of type null in E:\InstalledSoftwares\xampp\htdocs\public\entries\users\view.php on line 62
[2025-06-02 08:53:16] UNCAUGHT EXCEPTION: SQLSTATE[23000]: Integrity constraint violation: 1062 Duplicate entry 'admin' for key 'username' in E:\InstalledSoftwares\xampp\htdocs\includes\classes.php on line 139
[2025-06-02 17:14:56] UNCAUGHT EXCEPTION: Unknown column 'created_at' in 'order clause' in E:\InstalledSoftwares\xampp\htdocs\includes\classes.php on line 309
[2025-06-02 17:54:03] UNCAUGHT EXCEPTION: SQLSTATE[42S02]: Base table or view not found: 1146 Table 'dgt.static_type' doesn't exist in E:\InstalledSoftwares\xampp\htdocs\includes\classes.php on line 202
[2025-06-02 17:55:02] UNCAUGHT EXCEPTION: SQLSTATE[42S02]: Base table or view not found: 1146 Table 'dgt.static_type' doesn't exist in E:\InstalledSoftwares\xampp\htdocs\includes\classes.php on line 202
[2025-06-02 17:55:13] UNCAUGHT EXCEPTION: SQLSTATE[42S02]: Base table or view not found: 1146 Table 'dgt.static_type' doesn't exist in E:\InstalledSoftwares\xampp\htdocs\includes\classes.php on line 202
[2025-06-02 17:55:33] UNCAUGHT EXCEPTION: SQLSTATE[42S02]: Base table or view not found: 1146 Table 'dgt.static_type' doesn't exist in E:\InstalledSoftwares\xampp\htdocs\includes\classes.php on line 202
[2025-06-02 17:55:41] UNCAUGHT EXCEPTION: SQLSTATE[42S02]: Base table or view not found: 1146 Table 'dgt.static_type' doesn't exist in E:\InstalledSoftwares\xampp\htdocs\includes\classes.php on line 202
[2025-06-02 18:03:33] ERROR [2]: Undefined array key "role" in E:\InstalledSoftwares\xampp\htdocs\public\entries\branches\index.php on line 240
[2025-06-02 18:08:49] ERROR [2]: Array to string conversion in E:\InstalledSoftwares\xampp\htdocs\includes\classes.php on line 203
[2025-06-02 18:11:39] UNCAUGHT EXCEPTION: SQLSTATE[23000]: Integrity constraint violation: 1062 Duplicate entry 'SMB01' for key 'code' in E:\InstalledSoftwares\xampp\htdocs\includes\classes.php on line 139
[2025-06-02 18:17:00] UNCAUGHT EXCEPTION: SQLSTATE[23000]: Integrity constraint violation: 1062 Duplicate entry '0' for key 'PRIMARY' in E:\InstalledSoftwares\xampp\htdocs\includes\classes.php on line 139
[2025-06-02 19:30:13] UNCAUGHT EXCEPTION: SQLSTATE[23000]: Integrity constraint violation: 1062 Duplicate entry '0' for key 'PRIMARY' in E:\InstalledSoftwares\xampp\htdocs\includes\classes.php on line 139
[2025-06-02 21:59:41] ERROR [2]: Undefined array key "sr" in E:\InstalledSoftwares\xampp\htdocs\public\entries\users\index.php on line 293
[2025-06-02 21:59:59] ERROR [2]: Undefined array key 0 in E:\InstalledSoftwares\xampp\htdocs\public\entries\users\index.php on line 308
[2025-06-02 22:01:12] UNCAUGHT EXCEPTION: Unknown column 'sr' in 'order clause' in E:\InstalledSoftwares\xampp\htdocs\includes\classes.php on line 332
[2025-06-02 22:21:53] ERROR [2]: Undefined variable $index in E:\InstalledSoftwares\xampp\htdocs\public\entries\users\index.php on line 293
[2025-06-02 22:42:21] ERROR [2]: Trying to access array offset on value of type null in E:\InstalledSoftwares\xampp\htdocs\public\entries\users\index.php on line 5
[2025-06-03 07:23:17] UNCAUGHT EXCEPTION: Access to undeclared static property App::$entries in E:\InstalledSoftwares\xampp\htdocs\includes\classes.php on line 818
[2025-06-03 07:27:09] UNCAUGHT EXCEPTION: Too few arguments to function App::pageTop(), 0 passed in E:\InstalledSoftwares\xampp\htdocs\public\entries\branches\index.php on line 32 and at least 1 expected in E:\InstalledSoftwares\xampp\htdocs\includes\classes.php on line 818
[2025-06-03 07:27:25] UNCAUGHT EXCEPTION: Unsupported operand types: array - int in E:\InstalledSoftwares\xampp\htdocs\includes\classes.php on line 819
[2025-06-03 07:32:06] UNCAUGHT EXCEPTION: Call to undefined method App::getRoot() in E:\InstalledSoftwares\xampp\htdocs\includes\classes.php on line 889
[2025-06-03 07:37:25] ERROR [2]: Undefined array key "return_url" in E:\InstalledSoftwares\xampp\htdocs\public\action\index.php on line 12
[2025-06-03 07:40:08] UNCAUGHT EXCEPTION: Call to undefined method App::toAbsolute() in E:\InstalledSoftwares\xampp\htdocs\public\action\index.php on line 12
[2025-06-03 07:42:04] UNCAUGHT EXCEPTION: syntax error, unexpected token "." in E:\InstalledSoftwares\xampp\htdocs\public\action\index.php on line 12
[2025-06-03 07:46:57] UNCAUGHT EXCEPTION: syntax error, unexpected token "." in E:\InstalledSoftwares\xampp\htdocs\public\action\index.php on line 12
[2025-06-03 08:04:31] UNCAUGHT EXCEPTION: Call to undefined function rtime() in E:\InstalledSoftwares\xampp\htdocs\includes\classes.php on line 714
[2025-06-03 08:23:45] UNCAUGHT EXCEPTION: Unclosed '{' on line 35 in E:\InstalledSoftwares\xampp\htdocs\public\entries\users\index.php on line 182
[2025-06-03 08:23:57] UNCAUGHT EXCEPTION: Unclosed '{' on line 35 in E:\InstalledSoftwares\xampp\htdocs\public\entries\users\index.php on line 182
[2025-06-03 08:25:31] UNCAUGHT EXCEPTION: Unclosed '{' on line 35 in E:\InstalledSoftwares\xampp\htdocs\public\entries\users\index.php on line 182
[2025-06-03 08:26:11] UNCAUGHT EXCEPTION: Unclosed '{' on line 35 in E:\InstalledSoftwares\xampp\htdocs\public\entries\users\index.php on line 182
[2025-06-03 08:26:31] UNCAUGHT EXCEPTION: Unclosed '{' on line 35 in E:\InstalledSoftwares\xampp\htdocs\public\entries\users\index.php on line 182
[2025-06-03 08:27:06] ERROR [2]: Undefined variable $customContent in E:\InstalledSoftwares\xampp\htdocs\includes\classes.php on line 968
[2025-06-03 08:55:12] ERROR [2]: Undefined array key "view" in E:\InstalledSoftwares\xampp\htdocs\includes\classes.php on line 830
[2025-06-03 08:55:58] ERROR [2]: Undefined array key "view" in E:\InstalledSoftwares\xampp\htdocs\includes\classes.php on line 830
[2025-06-03 09:05:11] ERROR [2]: openssl_decrypt(): Setting of IV length for AEAD mode failed in E:\InstalledSoftwares\xampp\htdocs\includes\classes.php on line 777
[2025-06-03 09:06:09] ERROR [2]: openssl_decrypt(): Setting of IV length for AEAD mode failed in E:\InstalledSoftwares\xampp\htdocs\includes\classes.php on line 777
[2025-06-03 09:06:46] ERROR [2]: openssl_decrypt(): Setting of IV length for AEAD mode failed in E:\InstalledSoftwares\xampp\htdocs\includes\classes.php on line 777
[2025-06-03 09:16:56] ERROR [2]: Undefined array key "usernme" in E:\InstalledSoftwares\xampp\htdocs\public\entries\branches\manage.php on line 40
[2025-06-03 09:17:05] ERROR [2]: Undefined array key "usernme" in E:\InstalledSoftwares\xampp\htdocs\public\entries\branches\manage.php on line 40
[2025-06-03 09:18:32] ERROR [2]: Undefined array key "view" in E:\InstalledSoftwares\xampp\htdocs\includes\classes.php on line 831
[2025-06-03 09:19:46] UNCAUGHT EXCEPTION: json_decode(): Argument #1 ($json) must be of type string, array given in E:\InstalledSoftwares\xampp\htdocs\includes\functions.php on line 266
[2025-06-03 09:23:47] ERROR [2]: Undefined array key "view" in E:\InstalledSoftwares\xampp\htdocs\includes\classes.php on line 831
[2025-06-03 09:24:14] ERROR [2]: Undefined array key "view" in E:\InstalledSoftwares\xampp\htdocs\includes\classes.php on line 831
[2025-06-03 14:10:44] UNCAUGHT EXCEPTION: Invalid base64 input in E:\InstalledSoftwares\xampp\htdocs\includes\classes.php on line 765
[2025-06-03 14:10:57] UNCAUGHT EXCEPTION: Invalid base64 input in E:\InstalledSoftwares\xampp\htdocs\includes\classes.php on line 765
[2025-06-03 14:15:08] UNCAUGHT EXCEPTION: Invalid base64 input in E:\InstalledSoftwares\xampp\htdocs\includes\classes.php on line 765
[2025-06-03 14:15:23] UNCAUGHT EXCEPTION: Invalid base64 input in E:\InstalledSoftwares\xampp\htdocs\includes\classes.php on line 765
[2025-06-03 14:41:27] ERROR [2]: Undefined array key "parent_id" in E:\InstalledSoftwares\xampp\htdocs\includes\classes.php on line 999
[2025-06-03 14:42:04] ERROR [2]: Undefined array key "parent_id" in E:\InstalledSoftwares\xampp\htdocs\includes\classes.php on line 999
[2025-06-03 14:59:05] ERROR [2]: Undefined array key "parent_id" in E:\InstalledSoftwares\xampp\htdocs\includes\classes.php on line 999
[2025-06-03 15:00:34] ERROR [2]: Undefined array key "parent_id" in E:\InstalledSoftwares\xampp\htdocs\includes\classes.php on line 1000
[2025-06-03 15:00:58] ERROR [2]: Undefined array key "parent_id" in E:\InstalledSoftwares\xampp\htdocs\includes\classes.php on line 1000
[2025-06-03 15:01:26] ERROR [2]: Undefined array key "parent_id" in E:\InstalledSoftwares\xampp\htdocs\includes\classes.php on line 1000
[2025-06-03 15:01:46] ERROR [2]: Undefined array key "parent_id" in E:\InstalledSoftwares\xampp\htdocs\includes\classes.php on line 1000
[2025-06-03 15:02:38] ERROR [2]: Undefined array key "parent_id" in E:\InstalledSoftwares\xampp\htdocs\includes\classes.php on line 1000
[2025-06-03 15:02:53] ERROR [2]: Undefined array key "show_all" in E:\InstalledSoftwares\xampp\htdocs\includes\classes.php on line 835
[2025-06-03 15:48:57] ERROR [2]: Undefined array key "childern" in E:\InstalledSoftwares\xampp\htdocs\public\entries\branches\index.php on line 109
[2025-06-03 15:49:12] ERROR [2]: Undefined array key "children" in E:\InstalledSoftwares\xampp\htdocs\public\entries\branches\index.php on line 109
[2025-06-03 17:05:26] UNCAUGHT EXCEPTION: Unmatched '}' in E:\InstalledSoftwares\xampp\htdocs\public\entries\branches\index.php on line 131
[2025-06-03 17:05:51] ERROR [2]: Undefined variable $user in E:\InstalledSoftwares\xampp\htdocs\public\entries\branches\index.php on line 118
[2025-06-03 17:06:29] UNCAUGHT EXCEPTION: Invalid base64 input in E:\InstalledSoftwares\xampp\htdocs\includes\classes.php on line 765
[2025-06-03 17:15:56] ERROR [2]: Undefined array key "view" in E:\InstalledSoftwares\xampp\htdocs\includes\classes.php on line 831
[2025-06-03 17:16:26] ERROR [2]: Undefined array key "view" in E:\InstalledSoftwares\xampp\htdocs\includes\classes.php on line 831
[2025-06-03 17:17:39] ERROR [2]: Undefined variable $default_img in E:\InstalledSoftwares\xampp\htdocs\public\entries\branches\view.php on line 27
[2025-06-03 18:07:11] ERROR [2]: Undefined variable $default_img in E:\InstalledSoftwares\xampp\htdocs\public\entries\branches\view.php on line 27
[2025-06-03 18:08:23] ERROR [2]: Undefined array key "role" in E:\InstalledSoftwares\xampp\htdocs\public\entries\branches\view.php on line 42
[2025-06-03 18:37:43] ERROR [2]: Undefined array key "manage" in E:\InstalledSoftwares\xampp\htdocs\includes\classes.php on line 831
[2025-06-03 18:48:07] ERROR [2]: Undefined variable $good in E:\InstalledSoftwares\xampp\htdocs\public\entries\goods\manage.php on line 35
[2025-06-03 19:50:16] ERROR [2]: Undefined array key "variations_count" in E:\InstalledSoftwares\xampp\htdocs\public\entries\goods\index.php on line 145
[2025-06-03 19:53:29] ERROR [2]: Undefined variable $branch in E:\InstalledSoftwares\xampp\htdocs\public\entries\goods\index.php on line 174
[2025-06-03 19:54:07] UNCAUGHT EXCEPTION: SQLSTATE[42S02]: Base table or view not found: 1146 Table 'dgt.good' doesn't exist in E:\InstalledSoftwares\xampp\htdocs\includes\classes.php on line 222
[2025-06-03 20:52:33] ERROR [2]: Undefined array key "view" in E:\InstalledSoftwares\xampp\htdocs\includes\classes.php on line 831
[2025-06-03 20:52:54] ERROR [2]: Undefined array key "variations" in E:\InstalledSoftwares\xampp\htdocs\public\entries\goods\action.php on line 31
[2025-06-03 20:54:09] ERROR [2]: Undefined array key "variations" in E:\InstalledSoftwares\xampp\htdocs\public\entries\goods\action.php on line 32
[2025-06-03 20:54:42] UNCAUGHT EXCEPTION: Unsupported operand types: string + int in E:\InstalledSoftwares\xampp\htdocs\public\entries\goods\index.php on line 159
[2025-06-03 20:56:25] ERROR [2]: Undefined array key "view" in E:\InstalledSoftwares\xampp\htdocs\includes\classes.php on line 831
[2025-06-03 21:05:08] ERROR [2]: Undefined array key "view" in E:\InstalledSoftwares\xampp\htdocs\includes\classes.php on line 831
[2025-06-03 21:05:24] ERROR [2]: Undefined array key "variations" in E:\InstalledSoftwares\xampp\htdocs\public\entries\goods\action.php on line 78
[2025-06-03 21:05:59] ERROR [2]: Trying to access array offset on value of type bool in E:\InstalledSoftwares\xampp\htdocs\public\entries\goods\action.php on line 78
[2025-06-03 21:06:33] ERROR [2]: Undefined array key "view" in E:\InstalledSoftwares\xampp\htdocs\includes\classes.php on line 831
